2024-05-02 16:18:27,684 - System information logged successfully.
2024-05-02 16:18:27,684 - Error logging clipboard information: name 'win32clipboard' is not defined
2024-05-02 16:18:27,685 - KeyLogger started.
2024-05-02 16:18:27,805 - This process is not trusted! Input event monitoring will not be possible until it is added to accessibility clients.
2024-05-02 16:20:34,323 - System information logged successfully.
2024-05-02 16:20:34,323 - Error logging clipboard information: name 'win32clipboard' is not defined
2024-05-02 16:20:34,324 - KeyLogger started.
2024-05-02 16:20:34,442 - This process is not trusted! Input event monitoring will not be possible until it is added to accessibility clients.
2024-05-02 16:25:43,695 - System information logged successfully.
2024-05-02 16:25:43,709 - Clipboard information logged successfully.
2024-05-02 16:25:43,710 - KeyLogger started.
2024-05-02 16:25:43,817 - This process is not trusted! Input event monitoring will not be possible until it is added to accessibility clients.
2024-05-02 16:25:52,078 - System information logged successfully.
2024-05-02 16:25:52,086 - Clipboard information logged successfully.
2024-05-02 16:25:52,086 - KeyLogger started.
2024-05-02 16:25:52,189 - This process is not trusted! Input event monitoring will not be possible until it is added to accessibility clients.
2024-05-02 16:29:21,388 - System information logged successfully.
2024-05-02 16:29:21,396 - Clipboard information logged successfully.
2024-05-02 16:29:21,396 - KeyLogger started.
2024-05-02 16:29:21,496 - This process is not trusted! Input event monitoring will not be possible until it is added to accessibility clients.
2024-05-02 16:29:32,135 - System information logged successfully.
2024-05-02 16:29:32,142 - Clipboard information logged successfully.
2024-05-02 16:29:32,142 - KeyLogger started.
2024-05-02 16:29:32,237 - This process is not trusted! Input event monitoring will not be possible until it is added to accessibility clients.
2024-05-02 16:32:29,511 - System information logged successfully.
2024-05-02 16:32:29,536 - Clipboard information logged successfully.
2024-05-02 16:32:29,537 - KeyLogger started.
2024-05-02 16:32:29,644 - This process is not trusted! Input event monitoring will not be possible until it is added to accessibility clients.
2024-05-02 16:36:30,153 - System information logged successfully.
2024-05-02 16:36:30,183 - Clipboard information logged successfully.
2024-05-02 16:36:30,183 - KeyLogger started.
2024-05-02 16:36:30,289 - This process is not trusted! Input event monitoring will not be possible until it is added to accessibility clients.
2024-05-02 19:58:21,688 - System information logged successfully.
2024-05-02 19:58:21,731 - Clipboard information logged successfully.
2024-05-02 19:58:21,731 - KeyLogger started.
2024-05-02 19:58:21,855 - This process is not trusted! Input event monitoring will not be possible until it is added to accessibility clients.
